Flutter crash report.
Please report a bug at https://github.com/flutter/flutter/issues.

## command

flutter emulators

## exception

FileSystemException: FileSystemException: Exists failed, path = 'Z:\.android\avd' (OS Error: The network path was not found.
, errno = 53)

```
#0      _Directory.existsSync (dart:io/directory_impl.dart:107:7)
#1      ForwardingFileSystemEntity.existsSync (package:file/src/forwarding/forwarding_file_system_entity.dart:43:33)
#2      ErrorHandlingDirectory.existsSync.<anonymous closure> (package:flutter_tools/src/base/error_handling_io.dart:458:22)
#3      _runSync (package:flutter_tools/src/base/error_handling_io.dart:549:14)
#4      ErrorHandlingDirectory.existsSync (package:flutter_tools/src/base/error_handling_io.dart:457:12)
#5      AndroidSdk.getAvdPath (package:flutter_tools/src/android/android_sdk.dart:202:44)
#6      AndroidEmulators._loadEmulatorInfo (package:flutter_tools/src/android/android_emulator.dart:79:42)
#7      AndroidEmulators._extractEmulatorAvdInfo (package:flutter_tools/src/android/android_emulator.dart:73:21)
#8      AndroidEmulators._getEmulatorAvds (package:flutter_tools/src/android/android_emulator.dart:65:5)
<asynchronous suspension>
#9      EmulatorManager.getAllAvailableEmulators.<anonymous closure> (package:flutter_tools/src/emulator.dart:90:24)
<asynchronous suspension>
#10     Future._kTrue (dart:async/future.dart:660:3)
<asynchronous suspension>
#11     _CustomZone.bindUnaryCallbackGuarded.<anonymous closure> (dart:async/zone.dart:1367:12)
<asynchronous suspension>
```

## flutter doctor

```
[32m[✓][39m Flutter (Channel stable, 3.32.5, on Microsoft Windows [Version 10.0.19045.5796], locale id-ID) [780ms]
    [32m•[39m Flutter version 3.32.5 on channel stable at D:\Development\flutter
    [32m•[39m Upstream repository https://github.com/flutter/flutter.git
    [32m•[39m Framework revision fcf2c11572 (3 weeks ago), 2025-06-24 11:44:07 -0700
    [32m•[39m Engine revision dd93de6fb1
    [32m•[39m Dart version 3.8.1
    [32m•[39m DevTools version 2.45.1

[32m[✓][39m Windows Version (Windows 10, 22H2, 2009) [6,0s]

[32m[✓][39m Android toolchain - develop for Android devices (Android SDK version 34.0.0) [3,1s]
    [32m•[39m Android SDK at C:\Users\IT\AppData\Local\Android\Sdk
    [32m•[39m Platform android-35, build-tools 34.0.0
    [32m•[39m Java binary at: C:\Program Files\Android\Android Studio\jbr\bin\java
      This is the JDK bundled with the latest Android Studio installation on this machine.
      To manually set the JDK path, use: `flutter config --jdk-dir="path/to/jdk"`.
    [32m•[39m Java version OpenJDK Runtime Environment (build 17.0.6+0-b2043.56-9586694)
    [32m•[39m All Android licenses accepted.

[32m[✓][39m Chrome - develop for the web [195ms]
    [32m•[39m Chrome at C:\Program Files\Google\Chrome\Application\chrome.exe

[32m[✓][39m Visual Studio - develop Windows apps (Visual Studio Build Tools 2022 17.13.6) [194ms]
    [32m•[39m Visual Studio at C:\Program Files (x86)\Microsoft Visual Studio\2022\BuildTools
    [32m•[39m Visual Studio Build Tools 2022 version 17.13.35931.197
    [32m•[39m Windows 10 SDK version 10.0.26100.0

[32m[✓][39m Android Studio (version 2022.2) [29ms]
    [32m•[39m Android Studio at C:\Program Files\Android\Android Studio
    [32m•[39m Flutter plugin can be installed from:
      🔨 https://plugins.jetbrains.com/plugin/9212-flutter
    [32m•[39m Dart plugin can be installed from:
      🔨 https://plugins.jetbrains.com/plugin/6351-dart
    [32m•[39m Java version OpenJDK Runtime Environment (build 17.0.6+0-b2043.56-9586694)

[32m[✓][39m VS Code (version 1.102.0) [27ms]
    [32m•[39m VS Code at C:\Users\IT\AppData\Local\Programs\Microsoft VS Code
    [32m•[39m Flutter extension version 3.115.20250701

[32m[✓][39m Connected device (3 available) [337ms]
    [32m•[39m Windows (desktop) • windows • windows-x64    • Microsoft Windows [Version 10.0.19045.5796]
    [32m•[39m Chrome (web)      • chrome  • web-javascript • Google Chrome 138.0.7204.101
    [32m•[39m Edge (web)        • edge    • web-javascript • Microsoft Edge 138.0.3351.77

[32m[✓][39m Network resources [465ms]
    [32m•[39m All expected network resources are available.

[32m•[39m No issues found!
```
